[INFO] [2016-05-02 19:02:41][org.springframework.beans.factory.xml.XmlBeanDefinitionReader]Loading XML bean definitions from class path resource [spring-mybatis.xml]
[INFO] [2016-05-02 19:02:41][org.springframework.context.support.GenericApplicationContext]Refreshing org.springframework.context.support.GenericApplicationContext@e26948: startup date [Mon May 02 19:02:41 GMT+08:00 2016]; root of context hierarchy
[INFO] [2016-05-02 19:02:41][org.springframework.beans.factory.config.PropertyPlaceholderConfigurer]Loading properties file from class path resource [jdbc.properties]
[INFO] [2016-05-02 19:02:41][org.springframework.beans.factory.config.PropertyPlaceholderConfigurer]Loading properties file from class path resource [mail.properties]
[INFO] [2016-05-02 19:02:41][org.springframework.beans.factory.annotation.AutowiredAnnotationBeanPostProcessor]JSR-330 'javax.inject.Inject' annotation found and supported for autowiring
[INFO] [2016-05-02 19:02:42][org.springframework.scheduling.concurrent.ThreadPoolTaskExecutor]Initializing ExecutorService  'taskExecutor'
[INFO] [2016-05-02 19:02:42][com.ks.ssm.test.TestMyBatis]article一条记录.........................
[INFO] [2016-05-02 19:02:42][com.ks.ssm.test.TestMyBatis]{"anonymous":false,"content":"this is a test. 这就是个测试。。。","id":1,"pic":"no","status":false,"up":0,"userid":1}
[INFO] [2016-05-02 19:02:42][com.ks.ssm.test.TestMyBatis]list多条记录.........................
[INFO] [2016-05-02 19:02:42][com.ks.ssm.test.TestMyBatis]{"anonymous":false,"content":"this is a test. 这就是个测试。。。","id":1,"pic":"no","status":false,"up":0,"userid":1}
[INFO] [2016-05-02 19:02:42][com.ks.ssm.test.TestMyBatis]list多条记录.........................
[INFO] [2016-05-02 19:02:42][com.ks.ssm.test.TestMyBatis]{"anonymous":false,"content":"this is a test. 这就是个测试。。。","id":1,"pic":"no","status":false,"up":0,"userid":1}
[INFO] [2016-05-02 19:02:42][com.ks.ssm.test.TestMyBatis]null
[INFO] [2016-05-02 19:02:42][com.ks.ssm.test.TestMyBatis]comment一条记录.........................
[INFO] [2016-05-02 19:02:42][com.ks.ssm.test.TestMyBatis]{"anonymous":false,"articleid":1,"commenttime":1462186962983,"content":"this is a comment. 这就是个评论。。。","fromuserid":1,"id":1,"status":true}
[INFO] [2016-05-02 19:02:42][com.ks.ssm.test.TestMyBatis]list多条记录.........................
[INFO] [2016-05-02 19:02:42][com.ks.ssm.test.TestMyBatis]{"anonymous":false,"articleid":1,"commenttime":1462186962991,"content":"this is a comment. 这就是个评论。。。","fromuserid":1,"id":1,"status":true}
[INFO] [2016-05-02 19:02:42][com.ks.ssm.test.TestMyBatis]{"anonymous":false,"articleid":1,"commenttime":1462186962991,"content":"测试","fromuserid":2,"id":2,"status":true}
[INFO] [2016-05-02 19:02:42][com.ks.ssm.test.TestMyBatis]list多条记录.........................
[INFO] [2016-05-02 19:02:42][com.ks.ssm.test.TestMyBatis]{"anonymous":false,"articleid":1,"commenttime":1462186962993,"content":"this is a comment. 这就是个评论。。。","fromuserid":1,"id":1,"status":true}
[INFO] [2016-05-02 19:02:42][com.ks.ssm.test.TestMyBatis]list多条记录.........................
[INFO] [2016-05-02 19:02:42][com.ks.ssm.test.TestMyBatis]{"anonymous":false,"articleid":1,"commenttime":1462186962995,"content":"this is a comment. 这就是个评论。。。","fromuserid":1,"id":1,"status":true}
[INFO] [2016-05-02 19:02:42][com.ks.ssm.test.TestMyBatis]{"anonymous":false,"articleid":1,"commenttime":1462186962995,"content":"测试","fromuserid":2,"id":2,"status":true}
[INFO] [2016-05-02 19:02:42][org.springframework.context.support.GenericApplicationContext]Closing org.springframework.context.support.GenericApplicationContext@e26948: startup date [Mon May 02 19:02:41 GMT+08:00 2016]; root of context hierarchy
[INFO] [2016-05-02 19:02:42][org.springframework.scheduling.concurrent.ThreadPoolTaskExecutor]Shutting down ExecutorService 'taskExecutor'
